<?xml version="1.0" encoding="UTF-8"?>
<!-- Generated by org.testng.reporters.JUnitReportReporter -->
<testsuite hostname="raghuprasadkaushalya" failures="0" tests="4" name="testing.AccountTest" time="0.012" errors="0" timestamp="2024-02-02T10:23:26 IST" skipped="0">
  <testcase classname="testing.AccountTest" name="testOpenAccount" time="0.007"/>
  <system-out/>
  <testcase classname="testing.AccountTest" name="testDeposit" time="0.001"/>
  <system-out/>
  <testcase classname="testing.AccountTest" name="testWithdraw" time="0.001"/>
  <system-out/>
  <testcase classname="testing.AccountTest" name="testCheckBalane" time="0.003"/>
  <system-out/>
</testsuite> <!-- testing.AccountTest -->
