<?xml version="1.0" encoding="UTF-8"?>
<!-- Generated by org.testng.reporters.JUnitReportReporter -->
<testsuite hostname="raghuprasadkaushalya" failures="0" tests="2" name="testing.TestNGMethods" time="0.006" errors="0" timestamp="2024-02-02T10:23:26 IST" skipped="0">
  <testcase classname="testing.TestNGMethods" name="f" time="0.003"/>
  <system-out/>
  <testcase classname="testing.TestNGMethods" name="f" time="0.003"/>
  <system-out/>
</testsuite> <!-- testing.TestNGMethods -->
