<?xml version="1.0" encoding="UTF-8"?>
<!-- Generated by org.testng.reporters.JUnitReportReporter -->
<testsuite hostname="raghuprasadkaushalya" failures="0" tests="4" name="testing.AccountTest" time="0.019" errors="0" timestamp="2024-02-02T09:25:46 IST" skipped="0">
  <testcase classname="testing.AccountTest" name="testOpenAccount" time="0.013"/>
  <system-out/>
  <testcase classname="testing.AccountTest" name="testDeposit" time="0.002"/>
  <system-out/>
  <testcase classname="testing.AccountTest" name="testWithdraw" time="0.002"/>
  <system-out/>
  <testcase classname="testing.AccountTest" name="testCheckBalane" time="0.002"/>
  <system-out/>
</testsuite> <!-- testing.AccountTest -->
