<?xml version="1.0" encoding="UTF-8"?>
<!-- Generated by org.testng.reporters.JUnitReportReporter -->
<testsuite hostname="raghuprasadkaushalya" failures="0" tests="1" name="testngmaven.AccountTest" time="0.014" errors="0" timestamp="2024-02-01T10:29:12 IST" skipped="0">
  <testcase classname="testngmaven.AccountTest" name="testOpenAccount" time="0.014"/>
  <system-out/>
</testsuite> <!-- testngmaven.AccountTest -->
