<?xml version="1.0" encoding="UTF-8"?>
<!-- Generated by org.testng.reporters.JUnitReportReporter -->
<testsuite hostname="raghuprasadkaushalya" failures="0" tests="2" name="testing.TestNGGroup" time="0.016" errors="0" timestamp="2024-02-02T10:51:06 IST" skipped="0">
  <testcase classname="testing.TestNGGroup" name="third" time="0.002"/>
  <system-out/>
  <testcase classname="testing.TestNGGroup" name="fourth" time="0.014"/>
  <system-out/>
</testsuite> <!-- testing.TestNGGroup -->
