<?xml version="1.0" encoding="UTF-8"?>
<!-- Generated by org.testng.reporters.JUnitReportReporter -->
<testsuite hostname="raghuprasadkaushalya" failures="0" tests="5" name="seleniumtraining.SampleWebsite_testng_3" time="13.414" errors="0" timestamp="2024-02-07T16:29:00 IST" skipped="0">
  <testcase classname="seleniumtraining.SampleWebsite_testng_3" name="verifyTitle" time="2.429"/>
  <testcase classname="seleniumtraining.SampleWebsite_testng_3" name="openRegistration" time="1.470"/>
  <testcase classname="seleniumtraining.SampleWebsite_testng_3" name="register" time="3.351"/>
  <testcase classname="seleniumtraining.SampleWebsite_testng_3" name="loginValid" time="4.384"/>
  <testcase classname="seleniumtraining.SampleWebsite_testng_3" name="loginInvalid" time="1.780"/>
</testsuite> <!-- seleniumtraining.SampleWebsite_testng_3 -->
