<?xml version="1.0" encoding="UTF-8"?>
<!-- Generated by org.testng.reporters.JUnitReportReporter -->
<testsuite hostname="raghuprasadkaushalya" failures="0" tests="3" name="seleniumtraining.SampleWebsite_testng_3" time="6.767" errors="0" timestamp="2024-02-07T15:20:54 IST" skipped="0">
  <testcase classname="seleniumtraining.SampleWebsite_testng_3" name="verifyTitle" time="2.672"/>
  <testcase classname="seleniumtraining.SampleWebsite_testng_3" name="openRegistration" time="1.403"/>
  <testcase classname="seleniumtraining.SampleWebsite_testng_3" name="register" time="2.692"/>
</testsuite> <!-- seleniumtraining.SampleWebsite_testng_3 -->
