<?xml version="1.0" encoding="UTF-8"?>
<!-- Generated by org.testng.reporters.JUnitReportReporter -->
<testsuite hostname="raghuprasadkaushalya" failures="0" tests="1" name="seleniumtraining.SampleWebsite_Firefox_4" time="10.394" errors="0" timestamp="2024-02-12T12:32:36 IST" skipped="0">
  <testcase classname="seleniumtraining.SampleWebsite_Firefox_4" name="openRegistration" time="10.394"/>
</testsuite> <!-- seleniumtraining.SampleWebsite_Firefox_4 -->
