<?xml version="1.0" encoding="UTF-8"?>
<!-- Generated by org.testng.reporters.JUnitReportReporter -->
<testsuite hostname="raghuprasadkaushalya" failures="0" tests="1" name="testing.CalculatorTest" time="0.021" errors="0" timestamp="2024-02-01T09:11:55 IST" skipped="0">
  <testcase classname="testing.CalculatorTest" name="testAdd" time="0.021"/>
  <system-out/>
</testsuite> <!-- testing.CalculatorTest -->
