<?xml version="1.0" encoding="UTF-8"?>
<!-- Generated by org.testng.reporters.JUnitReportReporter -->
<testsuite hostname="raghuprasadkaushalya" failures="0" tests="1" name="testing.CalculatorTest" time="0.013" errors="0" timestamp="2024-01-31T14:32:51 IST" skipped="0">
  <testcase classname="testing.CalculatorTest" name="testAdd" time="0.013"/>
  <system-out/>
</testsuite> <!-- testing.CalculatorTest -->
