<?xml version="1.0" encoding="UTF-8"?>
<!-- Generated by org.testng.reporters.JUnitReportReporter -->
<testsuite hostname="raghuprasadkaushalya" failures="0" tests="1" name="assignment.NewTest" time="5.824" errors="0" timestamp="2024-02-12T11:33:01 IST" skipped="0">
  <testcase classname="assignment.NewTest" name="openSampleWebsite" time="5.824"/>
</testsuite> <!-- assignment.NewTest -->
